**
(thesis_draft_zh.tex
LaTeX2e <2021-11-15> patch level 1
L3 programming layer <2022-02-24> (article.cls
Document Class: article 2021/10/04 v1.4n Standard LaTeX document class
(size12.clo
File: size12.clo 2021/10/04 v1.4n Standard LaTeX file (size option)
)
\c@part=\count181
\c@section=\count182
\c@subsection=\count183
\c@subsubsection=\count184
\c@paragraph=\count185
\c@subparagraph=\count186
\c@figure=\count187
\c@table=\count188
\abovecaptionskip=\skip47
\belowcaptionskip=\skip48
\bibindent=\dimen138
) (geometry.sty
Package: geometry 2020/01/02 v5.9 Page Geometry
 (keyval.sty
Package: keyval 2014/10/28 v1.15 key=value parser (DPC)
\KV@toks@=\toks16
) (ifvtex.sty
Package: ifvtex 2019/10/25 v1.7 ifvtex legacy package. Use iftex instead.
 (iftex.sty
Package: iftex 2022/02/03 v1.0f TeX engine tests
))
\Gm@cnth=\count189
\Gm@cntv=\count190
\c@Gm@tempcnt=\count191
\Gm@bindingoffset=\dimen139
\Gm@wd@mp=\dimen140
\Gm@odd@mp=\dimen141
\Gm@even@mp=\dimen142
\Gm@layoutwidth=\dimen143
\Gm@layoutheight=\dimen144
\Gm@layouthoffset=\dimen145
\Gm@layoutvoffset=\dimen146
\Gm@dimlist=\toks17
)
(fontspec.sty (xparse.sty (expl3.sty
Package: expl3 2022-02-24 L3 programming layer (loader) 
 (l3backend-xetex.def
File: l3backend-xetex.def 2022-02-07 L3 backend support: XeTeX
\c__kernel_sys_dvipdfmx_version_int=\count192
\l__color_backend_stack_int=\count193
\g__color_backend_stack_int=\count194
\g__graphics_track_int=\count195
\l__pdf_internal_box=\box50
\g__pdf_backend_object_int=\count196
\g__pdf_backend_annotation_int=\count197
\g__pdf_backend_link_int=\count198
))
Package: xparse 2022-01-12 L3 Experimental document command parser
)
Package: fontspec 2022/01/15 v2.8a Font selection for XeLaTeX and LuaLaTeX

(fontspec-xetex.sty
Package: fontspec-xetex 2022/01/15 v2.8a Font selection for XeLaTeX and LuaLaTe
X
\l__fontspec_script_int=\count199
\l__fontspec_language_int=\count266
\l__fontspec_strnum_int=\count267
\l__fontspec_tmp_int=\count268
\l__fontspec_tmpa_int=\count269
\l__fontspec_tmpb_int=\count270
\l__fontspec_tmpc_int=\count271
\l__fontspec_em_int=\count272
\l__fontspec_emdef_int=\count273
\l__fontspec_strong_int=\count274
\l__fontspec_strongdef_int=\count275
\l__fontspec_tmpa_dim=\dimen147
\l__fontspec_tmpb_dim=\dimen148
\l__fontspec_tmpc_dim=\dimen149
 (fontenc.sty
Package: fontenc 2021/04/29 v2.0v Standard LaTeX package
) (fontspec.cfg))) (xeCJK.sty
Package: xeCJK 2021/12/12 v3.8.8 Typesetting CJK scripts with XeLaTeX
 (ctexhook.sty
Package: ctexhook 2021/12/12 v2.5.8 Document and package hooks (CTEX)
)
(l3keys2e.sty
Package: l3keys2e 2022-01-12 LaTeX2e option processing using LaTeX3 keys
) (xtemplate.sty
Package: xtemplate 2022-01-12 L3 Experimental prototype document functions
\l__xtemplate_tmp_dim=\dimen150
\l__xtemplate_tmp_int=\count276
\l__xtemplate_tmp_muskip=\muskip16
\l__xtemplate_tmp_skip=\skip49
)
\l__xeCJK_tmp_int=\count277
\l__xeCJK_tmp_box=\box51
\l__xeCJK_tmp_dim=\dimen151
\l__xeCJK_tmp_skip=\skip50
\g__xeCJK_space_factor_int=\count278
\l__xeCJK_begin_int=\count279
\l__xeCJK_end_int=\count280
\c__xeCJK_CJK_class_int=\XeTeXcharclass1
\c__xeCJK_FullLeft_class_int=\XeTeXcharclass2
\c__xeCJK_FullRight_class_int=\XeTeXcharclass3
\c__xeCJK_HalfLeft_class_int=\XeTeXcharclass4
\c__xeCJK_HalfRight_class_int=\XeTeXcharclass5
\c__xeCJK_NormalSpace_class_int=\XeTeXcharclass6
\c__xeCJK_CM_class_int=\XeTeXcharclass7
\c__xeCJK_HangulJamo_class_int=\XeTeXcharclass8
\l__xeCJK_last_skip=\skip51
\g__xeCJK_node_int=\count281
\c__xeCJK_CJK_node_dim=\dimen152
\c__xeCJK_CJK-space_node_dim=\dimen153
\c__xeCJK_default_node_dim=\dimen154
\c__xeCJK_default-space_node_dim=\dimen155
\c__xeCJK_CJK-widow_node_dim=\dimen156
\c__xeCJK_normalspace_node_dim=\dimen157
\l__xeCJK_ccglue_skip=\skip52
\l__xeCJK_ecglue_skip=\skip53
\l__xeCJK_punct_kern_skip=\skip54
\l__xeCJK_last_penalty_int=\count282
\l__xeCJK_last_bound_dim=\dimen158
\l__xeCJK_last_kern_dim=\dimen159
\l__xeCJK_widow_penalty_int=\count283

Package xtemplate Info: Declaring object type 'xeCJK/punctuation' taking 0
(xtemplate)             argument(s) on line 2337.

\l__xeCJK_fixed_punct_width_dim=\dimen160
\l__xeCJK_mixed_punct_width_dim=\dimen161
\l__xeCJK_middle_punct_width_dim=\dimen162
\l__xeCJK_fixed_margin_width_dim=\dimen163
\l__xeCJK_mixed_margin_width_dim=\dimen164
\l__xeCJK_middle_margin_width_dim=\dimen165
\l__xeCJK_bound_punct_width_dim=\dimen166
\l__xeCJK_bound_margin_width_dim=\dimen167
\l__xeCJK_margin_minimum_dim=\dimen168
\l__xeCJK_kerning_total_width_dim=\dimen169
\l__xeCJK_same_align_margin_dim=\dimen170
\l__xeCJK_different_align_margin_dim=\dimen171
\l__xeCJK_kerning_margin_width_dim=\dimen172
\l__xeCJK_kerning_margin_minimum_dim=\dimen173
\l__xeCJK_bound_dim=\dimen174
\l__xeCJK_reverse_bound_dim=\dimen175
\l__xeCJK_margin_dim=\dimen176
\l__xeCJK_minimum_bound_dim=\dimen177
\l__xeCJK_kerning_margin_dim=\dimen178
\g__xeCJK_family_int=\count284
\l__xeCJK_fam_int=\count285
\g__xeCJK_fam_allocation_int=\count286
\l__xeCJK_verb_case_int=\count287
\l__xeCJK_verb_exspace_skip=\skip55
 (xeCJK.cfg
File: xeCJK.cfg 2021/12/12 v3.8.8 Configuration file for xeCJK package
)) (array.sty
Package: array 2021/10/04 v2.5f Tabular extension package (FMi)
\col@sep=\dimen179
\ar@mcellbox=\box52
\extrarowheight=\dimen180
\NC@list=\toks18
\extratabsurround=\skip56
\backup@length=\skip57
\ar@cellbox=\box53
) (graphicx.sty
Package: graphicx 2021/09/16 v1.2d Enhanced LaTeX Graphics (DPC,SPQR)

(graphics.sty
Package: graphics 2021/03/04 v1.4d Standard LaTeX Graphics (DPC,SPQR)
 (trig.sty
Package: trig 2021/08/11 v1.11 sin cos tan (DPC)
) (graphics.cfg
File: graphics.cfg 2016/06/04 v1.11 sample graphics configuration
)
Package graphics Info: Driver file: xetex.def on input line 107.
 (xetex.def
File: xetex.def 2021/03/18 v5.0k Graphics/color driver for xetex
))
\Gin@req@height=\dimen181
\Gin@req@width=\dimen182
) (hyperref.sty
Package: hyperref 2022-02-21 v7.00n Hypertext links for LaTeX

(ltxcmds.sty
Package: ltxcmds 2020-05-10 v1.25 LaTeX kernel commands for general use (HO)
) (pdftexcmds.sty
Package: pdftexcmds 2020-06-27 v0.33 Utility functions of pdfTeX for LuaTeX (HO
)
 (infwarerr.sty
Package: infwarerr 2019/12/03 v1.5 Providing info/warning/error messages (HO)
)
Package pdftexcmds Info: \pdf@primitive is available.
Package pdftexcmds Info: \pdf@ifprimitive is available.
Package pdftexcmds Info: \pdfdraftmode not found.
) (kvsetkeys.sty
Package: kvsetkeys 2019/12/15 v1.18 Key value parser (HO)
)
(kvdefinekeys.sty
Package: kvdefinekeys 2019-12-19 v1.6 Define keys (HO)
) (pdfescape.sty
Package: pdfescape 2019/12/09 v1.15 Implements pdfTeX's escape features (HO)
) (hycolor.sty
Package: hycolor 2020-01-27 v1.10 Color options for hyperref/bookmark (HO)
) (letltxmacro.sty
Package: letltxmacro 2019/12/03 v1.6 Let assignment for LaTeX macros (HO)
) (auxhook.sty
Package: auxhook 2019-12-17 v1.6 Hooks for auxiliary files (HO)
) (kvoptions.sty
Package: kvoptions 2020-10-07 v3.14 Key value format for package options (HO)
)
\@linkdim=\dimen183
\Hy@linkcounter=\count288
\Hy@pagecounter=\count289
 (pd1enc.def
File: pd1enc.def 2022-02-21 v7.00n Hyperref: PDFDocEncoding definition (HO)
) (intcalc.sty
Package: intcalc 2019/12/15 v1.3 Expandable calculations with integers (HO)
) (etexcmds.sty
Package: etexcmds 2019/12/15 v1.7 Avoid name clashes with e-TeX commands (HO)
)
\Hy@SavedSpaceFactor=\count290
 (puenc.def
File: puenc.def 2022-02-21 v7.00n Hyperref: PDF Unicode definition (HO)
)
Package hyperref Info: Hyper figures OFF on input line 4137.
Package hyperref Info: Link nesting OFF on input line 4142.
Package hyperref Info: Hyper index ON on input line 4145.
Package hyperref Info: Plain pages OFF on input line 4152.
Package hyperref Info: Backreferencing OFF on input line 4157.
Package hyperref Info: Implicit mode ON; LaTeX internals redefined.
Package hyperref Info: Bookmarks ON on input line 4390.
\c@Hy@tempcnt=\count291

(url.sty
\Urlmuskip=\muskip17
Package: url 2013/09/16  ver 3.4  Verb mode for urls, etc.
)
LaTeX Info: Redefining \url on input line 4749.
\XeTeXLinkMargin=\dimen184
 (bitset.sty
Package: bitset 2019/12/09 v1.3 Handle bit-vector datatype (HO)
 (bigintcalc.sty
Package: bigintcalc 2019/12/15 v1.5 Expandable calculations on big integers (HO
)
))
\Fld@menulength=\count292
\Field@Width=\dimen185
\Fld@charsize=\dimen186
Package hyperref Info: Hyper figures OFF on input line 6027.
Package hyperref Info: Link nesting OFF on input line 6032.
Package hyperref Info: Hyper index ON on input line 6035.
Package hyperref Info: backreferencing OFF on input line 6042.
Package hyperref Info: Link coloring OFF on input line 6047.
Package hyperref Info: Link coloring with OCG OFF on input line 6052.
Package hyperref Info: PDF/A mode OFF on input line 6057.
LaTeX Info: Redefining \ref on input line 6097.
LaTeX Info: Redefining \pageref on input line 6101.
 (atbegshi-ltx.sty
Package: atbegshi-ltx 2021/01/10 v1.0c Emulation of the original atbegshi
package with kernel methods
)
\Hy@abspage=\count293
\c@Item=\count294
\c@Hfootnote=\count295
)
Package hyperref Info: Driver (autodetected): hxetex.
 (hxetex.def
File: hxetex.def 2022-02-21 v7.00n Hyperref driver for XeTeX

(stringenc.sty
Package: stringenc 2019/11/29 v1.12 Convert strings between diff. encodings (HO
)
)
\pdfm@box=\box54
\c@Hy@AnnotLevel=\count296
\HyField@AnnotCount=\count297
\Fld@listcount=\count298
\c@bookmark@seq@number=\count299
 (rerunfilecheck.sty
Package: rerunfilecheck 2019/12/05 v1.9 Rerun checks for auxiliary files (HO)
 (atveryend-ltx.sty
Package: atveryend-ltx 2020/08/19 v1.0a Emulation of the original atveryend pac
kage
with kernel methods
) (uniquecounter.sty
Package: uniquecounter 2019/12/15 v1.4 Provide unlimited unique counter (HO)
)
Package uniquecounter Info: New unique counter `rerunfilecheck' on input line 2
86.
)
\Hy@SectionHShift=\skip58
)
(amsmath.sty
Package: amsmath 2021/10/15 v2.17l AMS math features
\@mathmargin=\skip59

For additional information on amsmath, use the `?' option.
(amstext.sty
Package: amstext 2021/08/26 v2.01 AMS text
 (amsgen.sty
File: amsgen.sty 1999/11/30 v2.0 generic functions
\@emptytoks=\toks19
\ex@=\dimen187
)) (amsbsy.sty
Package: amsbsy 1999/11/29 v1.2d Bold Symbols
\pmbraise@=\dimen188
) (amsopn.sty
Package: amsopn 2021/08/26 v2.02 operator names
)
\inf@bad=\count300
LaTeX Info: Redefining \frac on input line 234.
\uproot@=\count301
\leftroot@=\count302
LaTeX Info: Redefining \overline on input line 399.
\classnum@=\count303
\DOTSCASE@=\count304
LaTeX Info: Redefining \ldots on input line 496.
LaTeX Info: Redefining \dots on input line 499.
LaTeX Info: Redefining \cdots on input line 620.
\Mathstrutbox@=\box55
\strutbox@=\box56
\big@size=\dimen189
LaTeX Font Info:    Redeclaring font encoding OML on input line 743.
LaTeX Font Info:    Redeclaring font encoding OMS on input line 744.
\macc@depth=\count305
\c@MaxMatrixCols=\count306
\dotsspace@=\muskip18
\c@parentequation=\count307
\dspbrk@lvl=\count308
\tag@help=\toks20
\row@=\count309
\column@=\count310
\maxfields@=\count311
\andhelp@=\toks21
\eqnshift@=\dimen190
\alignsep@=\dimen191
\tagshift@=\dimen192
\tagwidth@=\dimen193
\totwidth@=\dimen194
\lineht@=\dimen195
\@envbody=\toks22
\multlinegap=\skip60
\multlinetaggap=\skip61
\mathdisplay@stack=\toks23
LaTeX Info: Redefining \[ on input line 2938.
LaTeX Info: Redefining \] on input line 2939.
) (listings.sty
\lst@mode=\count312
\lst@gtempboxa=\box57
\lst@token=\toks24
\lst@length=\count313
\lst@currlwidth=\dimen196
\lst@column=\count314
\lst@pos=\count315
\lst@lostspace=\dimen197
\lst@width=\dimen198
\lst@newlines=\count316
\lst@lineno=\count317
\lst@maxwidth=\dimen199

(lstmisc.sty
File: lstmisc.sty 2020/03/24 1.8d (Carsten Heinz)
\c@lstnumber=\count318
\lst@skipnumbers=\count319
\lst@framebox=\box58
) (listings.cfg
File: listings.cfg 2020/03/24 1.8d listings configuration
))
Package: listings 2020/03/24 1.8d (Carsten Heinz)
 (xeCJK-listings.sty
Package: xeCJK-listings 2021/12/12 v3.8.8 xeCJK patch file for listings
\l__xeCJK_listings_max_char_int=\count320
\l__xeCJK_listings_flag_int=\count321
) (setspace.sty
Package: setspace 2011/12/19 v6.7a set line spacing
)
(indentfirst.sty
Package: indentfirst 1995/11/23 v1.03 Indent first paragraph (DPC)
)

Package fontspec Info: Font family 'TimesNewRoman(0)' created for font 'Times
(fontspec)             New Roman' with options [Ligatures=TeX].
(fontspec)              
(fontspec)              This font family consists of the following NFSS
(fontspec)             series/shapes:
(fontspec)              
(fontspec)             - 'normal' (m/n) with NFSS spec.: <->"Times New
(fontspec)             Roman/OT:script=latn;language=dflt;mapping=tex-text;"
(fontspec)             - 'small caps'  (m/sc) with NFSS spec.: 
(fontspec)             - 'bold' (b/n) with NFSS spec.: <->"Times New
(fontspec)             Roman/B/OT:script=latn;language=dflt;mapping=tex-text;"
(fontspec)             - 'bold small caps'  (b/sc) with NFSS spec.: 
(fontspec)             - 'italic' (m/it) with NFSS spec.: <->"Times New
(fontspec)             Roman/I/OT:script=latn;language=dflt;mapping=tex-text;"
(fontspec)             - 'italic small caps'  (m/scit) with NFSS spec.: 
(fontspec)             - 'bold italic' (b/it) with NFSS spec.: <->"Times New
(fontspec)             Roman/BI/OT:script=latn;language=dflt;mapping=tex-text;"

(fontspec)             - 'bold italic small caps'  (b/scit) with NFSS spec.: 


Package fontspec Info: Font family 'Arial(0)' created for font 'Arial' with
(fontspec)             options [Ligatures=TeX].
(fontspec)              
(fontspec)              This font family consists of the following NFSS
(fontspec)             series/shapes:
(fontspec)              
(fontspec)             - 'normal' (m/n) with NFSS spec.:
(fontspec)             <->"Arial/OT:script=latn;language=dflt;mapping=tex-text;
"
(fontspec)             - 'small caps'  (m/sc) with NFSS spec.: 
(fontspec)             - 'bold' (b/n) with NFSS spec.:
(fontspec)             <->"Arial/B/OT:script=latn;language=dflt;mapping=tex-tex
t;"
(fontspec)             - 'bold small caps'  (b/sc) with NFSS spec.: 
(fontspec)             - 'italic' (m/it) with NFSS spec.:
(fontspec)             <->"Arial/I/OT:script=latn;language=dflt;mapping=tex-tex
t;"
(fontspec)             - 'italic small caps'  (m/scit) with NFSS spec.: 
(fontspec)             - 'bold italic' (b/it) with NFSS spec.:
(fontspec)             <->"Arial/BI/OT:script=latn;language=dflt;mapping=tex-te
xt;"
(fontspec)             - 'bold italic small caps'  (b/scit) with NFSS spec.: 


Package fontspec Info: Font family 'Menlo(0)' created for font 'Menlo' with
(fontspec)             options
(fontspec)             [WordSpace={1,0,0},HyphenChar=None,PunctuationSpace=Word
Space].
(fontspec)              
(fontspec)              This font family consists of the following NFSS
(fontspec)             series/shapes:
(fontspec)              
(fontspec)             - 'normal' (m/n) with NFSS spec.: <->"Menlo/AAT"
(fontspec)             - 'small caps'  (m/sc) with NFSS spec.: 
(fontspec)             and font adjustment code:
(fontspec)             \fontdimen 2\font =1\fontdimen 2\font \fontdimen 3\font
(fontspec)             =0\fontdimen 3\font \fontdimen 4\font =0\fontdimen
(fontspec)             4\font \fontdimen 7\font =0\fontdimen 2\font
(fontspec)             \tex_hyphenchar:D \font =-1\scan_stop: 
(fontspec)             - 'bold' (b/n) with NFSS spec.: <->"Menlo/B/AAT"
(fontspec)             - 'bold small caps'  (b/sc) with NFSS spec.: 
(fontspec)             and font adjustment code:
(fontspec)             \fontdimen 2\font =1\fontdimen 2\font \fontdimen 3\font
(fontspec)             =0\fontdimen 3\font \fontdimen 4\font =0\fontdimen
(fontspec)             4\font \fontdimen 7\font =0\fontdimen 2\font
(fontspec)             \tex_hyphenchar:D \font =-1\scan_stop: 
(fontspec)             - 'italic' (m/it) with NFSS spec.: <->"Menlo/I/AAT"
(fontspec)             - 'italic small caps'  (m/scit) with NFSS spec.: 
(fontspec)             and font adjustment code:
(fontspec)             \fontdimen 2\font =1\fontdimen 2\font \fontdimen 3\font
(fontspec)             =0\fontdimen 3\font \fontdimen 4\font =0\fontdimen
(fontspec)             4\font \fontdimen 7\font =0\fontdimen 2\font
(fontspec)             \tex_hyphenchar:D \font =-1\scan_stop: 
(fontspec)             - 'bold italic' (b/it) with NFSS spec.:
(fontspec)             <->"Menlo/BI/AAT"
(fontspec)             - 'bold italic small caps'  (b/scit) with NFSS spec.: 
(fontspec)             and font adjustment code:
(fontspec)             \fontdimen 2\font =1\fontdimen 2\font \fontdimen 3\font
(fontspec)             =0\fontdimen 3\font \fontdimen 4\font =0\fontdimen
(fontspec)             4\font \fontdimen 7\font =0\fontdimen 2\font
(fontspec)             \tex_hyphenchar:D \font =-1\scan_stop: 



Package fontspec Warning: Font "Songti TC" does not contain requested Script
(fontspec)                "CJK".


Package fontspec Info: Could not resolve font "Heiti TC/I" (it probably
(fontspec)             doesn't exist).


Package fontspec Info: Could not resolve font "Songti TC/I" (it probably
(fontspec)             doesn't exist).


Package fontspec Info: Font family 'SongtiTC(0)' created for font 'Songti TC'
(fontspec)             with options [Script={CJK},BoldFont={Heiti TC}].
(fontspec)              
(fontspec)              This font family consists of the following NFSS
(fontspec)             series/shapes:
(fontspec)              
(fontspec)             - 'normal' (m/n) with NFSS spec.: <->"Songti
(fontspec)             TC/OT:language=dflt;"
(fontspec)             - 'small caps'  (m/sc) with NFSS spec.: 
(fontspec)             - 'bold' (b/n) with NFSS spec.: <->"Heiti
(fontspec)             TC/OT:language=dflt;"
(fontspec)             - 'bold small caps'  (b/sc) with NFSS spec.: 
(fontspec)             - 'bold italic' (b/it) with NFSS spec.: <->"Songti
(fontspec)             TC/BI/OT:language=dflt;"
(fontspec)             - 'bold italic small caps'  (b/scit) with NFSS spec.: 

(thesis_draft_zh.aux)
\openout1 = `thesis_draft_zh.aux'.

LaTeX Font Info:    Checking defaults for OML/cmm/m/it on input line 28.
LaTeX Font Info:    ... okay on input line 28.
LaTeX Font Info:    Checking defaults for OMS/cmsy/m/n on input line 28.
LaTeX Font Info:    ... okay on input line 28.
LaTeX Font Info:    Checking defaults for OT1/cmr/m/n on input line 28.
LaTeX Font Info:    ... okay on input line 28.
LaTeX Font Info:    Checking defaults for T1/cmr/m/n on input line 28.
LaTeX Font Info:    ... okay on input line 28.
LaTeX Font Info:    Checking defaults for TS1/cmr/m/n on input line 28.
LaTeX Font Info:    Trying to load font information for TS1+cmr on input line 2
8.
 (ts1cmr.fd
File: ts1cmr.fd 2019/12/16 v2.5j Standard LaTeX font definitions
)
LaTeX Font Info:    ... okay on input line 28.
LaTeX Font Info:    Checking defaults for TU/lmr/m/n on input line 28.
LaTeX Font Info:    ... okay on input line 28.
LaTeX Font Info:    Checking defaults for OMX/cmex/m/n on input line 28.
LaTeX Font Info:    ... okay on input line 28.
LaTeX Font Info:    Checking defaults for U/cmr/m/n on input line 28.
LaTeX Font Info:    ... okay on input line 28.
LaTeX Font Info:    Checking defaults for PD1/pdf/m/n on input line 28.
LaTeX Font Info:    ... okay on input line 28.
LaTeX Font Info:    Checking defaults for PU/pdf/m/n on input line 28.
LaTeX Font Info:    ... okay on input line 28.

*geometry* driver: auto-detecting
*geometry* detected driver: xetex
*geometry* verbose mode - [ preamble ] result:
* driver: xetex
* paper: a4paper
* layout: <same size as paper>
* layoutoffset:(h,v)=(0.0pt,0.0pt)
* modes: 
* h-part:(L,W,R)=(72.2698pt, 452.96826pt, 72.2698pt)
* v-part:(T,H,B)=(72.2698pt, 700.50723pt, 72.2698pt)
* \paperwidth=597.50787pt
* \paperheight=845.04684pt
* \textwidth=452.96826pt
* \textheight=700.50723pt
* \oddsidemargin=-0.00018pt
* \evensidemargin=-0.00018pt
* \topmargin=-37.00018pt
* \headheight=12.0pt
* \headsep=25.0pt
* \topskip=12.0pt
* \footskip=30.0pt
* \marginparwidth=35.0pt
* \marginparsep=10.0pt
* \columnsep=10.0pt
* \skip\footins=10.8pt plus 4.0pt minus 2.0pt
* \hoffset=0.0pt
* \voffset=0.0pt
* \mag=1000
* \@twocolumnfalse
* \@twosidefalse
* \@mparswitchfalse
* \@reversemarginfalse
* (1in=72.27pt=25.4mm, 1cm=28.453pt)


Package fontspec Info: Adjusting the maths setup (use [no-math] to avoid
(fontspec)             this).

\symlegacymaths=\mathgroup4
LaTeX Font Info:    Overwriting symbol font `legacymaths' in version `bold'
(Font)                  OT1/cmr/m/n --> OT1/cmr/bx/n on input line 28.
LaTeX Font Info:    Redeclaring math accent \acute on input line 28.
LaTeX Font Info:    Redeclaring math accent \grave on input line 28.
LaTeX Font Info:    Redeclaring math accent \ddot on input line 28.
LaTeX Font Info:    Redeclaring math accent \tilde on input line 28.
LaTeX Font Info:    Redeclaring math accent \bar on input line 28.
LaTeX Font Info:    Redeclaring math accent \breve on input line 28.
LaTeX Font Info:    Redeclaring math accent \check on input line 28.
LaTeX Font Info:    Redeclaring math accent \hat on input line 28.
LaTeX Font Info:    Redeclaring math accent \dot on input line 28.
LaTeX Font Info:    Redeclaring math accent \mathring on input line 28.
LaTeX Font Info:    Redeclaring math symbol \Gamma on input line 28.
LaTeX Font Info:    Redeclaring math symbol \Delta on input line 28.
LaTeX Font Info:    Redeclaring math symbol \Theta on input line 28.
LaTeX Font Info:    Redeclaring math symbol \Lambda on input line 28.
LaTeX Font Info:    Redeclaring math symbol \Xi on input line 28.
LaTeX Font Info:    Redeclaring math symbol \Pi on input line 28.
LaTeX Font Info:    Redeclaring math symbol \Sigma on input line 28.
LaTeX Font Info:    Redeclaring math symbol \Upsilon on input line 28.
LaTeX Font Info:    Redeclaring math symbol \Phi on input line 28.
LaTeX Font Info:    Redeclaring math symbol \Psi on input line 28.
LaTeX Font Info:    Redeclaring math symbol \Omega on input line 28.
LaTeX Font Info:    Redeclaring math symbol \mathdollar on input line 28.
LaTeX Font Info:    Redeclaring symbol font `operators' on input line 28.
LaTeX Font Info:    Encoding `OT1' has changed to `TU' for symbol font
(Font)              `operators' in the math version `normal' on input line 28.
LaTeX Font Info:    Overwriting symbol font `operators' in version `normal'
(Font)                  OT1/cmr/m/n --> TU/TimesNewRoman(0)/m/n on input line 2
8.
LaTeX Font Info:    Encoding `OT1' has changed to `TU' for symbol font
(Font)              `operators' in the math version `bold' on input line 28.
LaTeX Font Info:    Overwriting symbol font `operators' in version `bold'
(Font)                  OT1/cmr/bx/n --> TU/TimesNewRoman(0)/m/n on input line 
28.
LaTeX Font Info:    Overwriting symbol font `operators' in version `normal'
(Font)                  TU/TimesNewRoman(0)/m/n --> TU/TimesNewRoman(0)/m/n on 
input line 28.
LaTeX Font Info:    Overwriting math alphabet `\mathit' in version `normal'
(Font)                  OT1/cmr/m/it --> TU/TimesNewRoman(0)/m/it on input line
 28.
LaTeX Font Info:    Overwriting math alphabet `\mathbf' in version `normal'
(Font)                  OT1/cmr/bx/n --> TU/TimesNewRoman(0)/b/n on input line 
28.
LaTeX Font Info:    Overwriting math alphabet `\mathsf' in version `normal'
(Font)                  OT1/cmss/m/n --> TU/Arial(0)/m/n on input line 28.
LaTeX Font Info:    Overwriting math alphabet `\mathtt' in version `normal'
(Font)                  OT1/cmtt/m/n --> TU/Menlo(0)/m/n on input line 28.
LaTeX Font Info:    Overwriting symbol font `operators' in version `bold'
(Font)                  TU/TimesNewRoman(0)/m/n --> TU/TimesNewRoman(0)/b/n on 
input line 28.
LaTeX Font Info:    Overwriting math alphabet `\mathit' in version `bold'
(Font)                  OT1/cmr/bx/it --> TU/TimesNewRoman(0)/b/it on input lin
e 28.
LaTeX Font Info:    Overwriting math alphabet `\mathsf' in version `bold'
(Font)                  OT1/cmss/bx/n --> TU/Arial(0)/b/n on input line 28.
LaTeX Font Info:    Overwriting math alphabet `\mathtt' in version `bold'
(Font)                  OT1/cmtt/m/n --> TU/Menlo(0)/b/n on input line 28.
Package hyperref Info: Link coloring OFF on input line 28.
(nameref.sty
Package: nameref 2021-04-02 v2.47 Cross-referencing by name of section
 (refcount.sty
Package: refcount 2019/12/15 v3.6 Data extraction from label references (HO)
) (gettitlestring.sty
Package: gettitlestring 2019/12/15 v1.6 Cleanup title references (HO)
)
\c@section@level=\count322
)
LaTeX Info: Redefining \ref on input line 28.
LaTeX Info: Redefining \pageref on input line 28.
LaTeX Info: Redefining \nameref on input line 28.
 (thesis_draft_zh.out)
(thesis_draft_zh.out)
\@outlinefile=\write3
\openout3 = `thesis_draft_zh.out'.

\c@lstlisting=\count323
 [1

] [2

] [3

] [4

] [5] [6

] [7] [8

] [9] [10

] [11

] [1


]
[2] [3

] [4]
Underfull \hbox (badness 10000) in paragraph at lines 544--544
[]|\TU/TimesNewRoman(0)/m/n/10 Cespedes-Cubides & Jradi
 []


Underfull \hbox (badness 2922) in paragraph at lines 561--561
\TU/TimesNewRoman(0)/m/n/10 AC/ lighting power\TU/SongtiTC(0)/m/n/10 、|
 []


Underfull \hbox (badness 10000) in paragraph at lines 563--563
[]|\TU/TimesNewRoman(0)/m/n/10 Appliances Energy
 []


Underfull \hbox (badness 3396) in paragraph at lines 565--565
[]|\TU/SongtiTC(0)/m/n/10 兩 處 室 內 溫 度\TU/TimesNewRoman(0)/m/n/10 /\TU/SongtiTC(
0)/m/n/10 濕
 []


Underfull \hbox (badness 10000) in paragraph at lines 569--569
\TU/TimesNewRoman(0)/m/n/10 temperature\TU/SongtiTC(0)/m/n/10 、| \TU/TimesNewRo
man(0)/m/n/10 RH\TU/SongtiTC(0)/m/n/10 、|
 []


Underfull \hbox (badness 10000) in paragraph at lines 571--571
[]|\TU/TimesNewRoman(0)/m/n/10 ASHRAE Global
 []


Underfull \hbox (badness 10000) in paragraph at lines 571--571
\TU/TimesNewRoman(0)/m/n/10 Thermal Comfort
 []

[5]
Underfull \hbox (badness 10000) in paragraph at lines 592--592
[]|\TU/TimesNewRoman(0)/m/n/10 canonical syn-
 []


Underfull \hbox (badness 10000) in paragraph at lines 592--593
[]|\TU/TimesNewRoman(0)/m/n/10 field MAE\TU/SongtiTC(0)/m/n/10 、|
 []


Underfull \hbox (badness 10000) in paragraph at lines 592--593
\TU/TimesNewRoman(0)/m/n/10 zone MAE\TU/SongtiTC(0)/m/n/10 、|
 []


Underfull \hbox (badness 10000) in paragraph at lines 592--593
\TU/TimesNewRoman(0)/m/n/10 sensor MAE\TU/SongtiTC(0)/m/n/10 、|
 []


Underfull \hbox (badness 10000) in paragraph at lines 592--593
\TU/TimesNewRoman(0)/m/n/10 improvement
 []


Underfull \hbox (badness 10000) in paragraph at lines 594--594
[]|\TU/TimesNewRoman(0)/m/n/10 canonical syn-
 []


Underfull \hbox (badness 2529) in paragraph at lines 594--594
[]|\TU/TimesNewRoman(0)/m/n/10 full spatial win-
 []


Underfull \hbox (badness 10000) in paragraph at lines 594--595
[]|\TU/TimesNewRoman(0)/m/n/10 field MAE\TU/SongtiTC(0)/m/n/10 、|
 []


Underfull \hbox (badness 10000) in paragraph at lines 594--595
\TU/TimesNewRoman(0)/m/n/10 zone deviation\TU/SongtiTC(0)/m/n/10 、|
 []


Underfull \hbox (badness 10000) in paragraph at lines 596--596
[]|\TU/TimesNewRoman(0)/m/n/10 public task-
 []


Underfull \hbox (badness 10000) in paragraph at lines 596--596
[]|\TU/TimesNewRoman(0)/m/n/10 single-zone
 []


Underfull \hbox (badness 10000) in paragraph at lines 596--596
\TU/TimesNewRoman(0)/m/n/10 dataset-
 []


Underfull \hbox (badness 10000) in paragraph at lines 596--596
\TU/TimesNewRoman(0)/m/n/10 compatible
 []


Underfull \hbox (badness 10000) in paragraph at lines 596--597
[]|\TU/TimesNewRoman(0)/m/n/10 MAE\TU/SongtiTC(0)/m/n/10 、| \TU/TimesNewRoman(0
)/m/n/10 RMSE\TU/SongtiTC(0)/m/n/10 、|
 []


Underfull \hbox (badness 10000) in paragraph at lines 596--597
\TU/TimesNewRoman(0)/m/n/10 delta MAE\TU/SongtiTC(0)/m/n/10 、|
 []


Underfull \hbox (badness 10000) in paragraph at lines 598--598
[]|\TU/TimesNewRoman(0)/m/n/10 public task-
 []


Underfull \hbox (badness 10000) in paragraph at lines 598--598
[]|\TU/TimesNewRoman(0)/m/n/10 two-point
 []


Underfull \hbox (badness 10000) in paragraph at lines 598--598
\TU/TimesNewRoman(0)/m/n/10 dataset-
 []


Underfull \hbox (badness 10000) in paragraph at lines 598--598
\TU/TimesNewRoman(0)/m/n/10 compatible
 []


Underfull \hbox (badness 10000) in paragraph at lines 598--599
[]|\TU/TimesNewRoman(0)/m/n/10 MAE\TU/SongtiTC(0)/m/n/10 、| \TU/TimesNewRoman(0
)/m/n/10 RMSE\TU/SongtiTC(0)/m/n/10 、|
 []


Underfull \hbox (badness 10000) in paragraph at lines 600--600
[]|\TU/TimesNewRoman(0)/m/n/10 public task-
 []


Underfull \hbox (badness 4699) in paragraph at lines 600--600
[]|\TU/TimesNewRoman(0)/m/n/10 Denmark IEQ /
 []


Underfull \hbox (badness 10000) in paragraph at lines 600--600
[]|\TU/TimesNewRoman(0)/m/n/10 comfort-only
 []


Underfull \hbox (badness 10000) in paragraph at lines 600--601
[]|\TU/TimesNewRoman(0)/m/n/10 score error\TU/SongtiTC(0)/m/n/10 、|
 []


Underfull \hbox (badness 10000) in paragraph at lines 600--601
\TU/TimesNewRoman(0)/m/n/10 accuracy\TU/SongtiTC(0)/m/n/10 、| \TU/TimesNewRoman
(0)/m/n/10 F1\TU/SongtiTC(0)/m/n/10 、|
 []

[6] [7]
File: assets/fig_3_1_overall_architecture.png Graphic file (type bmp)
<assets/fig_3_1_overall_architecture.png>
File: assets/fig_3_2_execution_flow.png Graphic file (type bmp)
<assets/fig_3_2_execution_flow.png>
 [8

] [9]
File: assets/fig_3_3_room_topology.png Graphic file (type bmp)
<assets/fig_3_3_room_topology.png>
 [10] [11]
Underfull \hbox (badness 10000) in paragraph at lines 726--726
[]|\TU/TimesNewRoman(0)/m/n/10 $T_{\mathrm{out}},H_
 []


Underfull \hbox (badness 10000) in paragraph at lines 726--726
\TU/TimesNewRoman(0)/m/n/10 {\mathrm{out}},S_
 []

[12] [13] [14] [15]
File: assets/fig_3_4_sensor_calibration_learning.png Graphic file (type bmp)
<assets/fig_3_4_sensor_calibration_learning.png>


Package fontspec Warning: Font "Heiti TC" does not contain requested Script
(fontspec)                "CJK".


Package fontspec Info: Could not resolve font "Heiti TC/I" (it probably
(fontspec)             doesn't exist).


Package fontspec Info: Font family 'HeitiTC(0)' created for font 'Heiti TC'
(fontspec)             with options [Script={CJK}].
(fontspec)              
(fontspec)              This font family consists of the following NFSS
(fontspec)             series/shapes:
(fontspec)              
(fontspec)             - 'normal' (m/n) with NFSS spec.: <->"Heiti
(fontspec)             TC/OT:language=dflt;"
(fontspec)             - 'small caps'  (m/sc) with NFSS spec.: 
(fontspec)             - 'bold' (b/n) with NFSS spec.: <->"Heiti
(fontspec)             TC/B/OT:language=dflt;"
(fontspec)             - 'bold small caps'  (b/sc) with NFSS spec.: 
(fontspec)             - 'bold italic' (b/it) with NFSS spec.: <->"Heiti
(fontspec)             TC/BI/OT:language=dflt;"
(fontspec)             - 'bold italic small caps'  (b/scit) with NFSS spec.: 

[16] [17]
Underfull \hbox (badness 10000) in paragraph at lines 930--930
[]|\TU/TimesNewRoman(0)/m/n/10 timestamp, outdoor_
 []


Underfull \hbox (badness 10000) in paragraph at lines 930--930
\TU/TimesNewRoman(0)/m/n/10 temperature, outdoor_
 []


Underfull \hbox (badness 10000) in paragraph at lines 930--930
\TU/TimesNewRoman(0)/m/n/10 humidity, sunlight_
 []


Underfull \hbox (badness 10000) in paragraph at lines 930--930
\TU/TimesNewRoman(0)/m/n/10 illuminance, daylight_
 []

[18] [19] [20] [21

]
Underfull \hbox (badness 3302) in paragraph at lines 1082--1082
[]|\TU/SongtiTC(0)/m/n/10 常 見 研 究 名 詞 與 \TU/TimesNewRoman(0)/m/n/10 inline
 []


Underfull \hbox (badness 2229) in paragraph at lines 1086--1086
[]|\TU/SongtiTC(0)/m/n/10 輸 出 \TU/TimesNewRoman(0)/m/n/10 demo \TU/SongtiTC(0)/
m/n/10 使 用 的 公 開
 []

[22]
File: assets/fig_5_1_validation_flow.png Graphic file (type bmp)
<assets/fig_5_1_validation_flow.png>
 [23

] [24]
File: assets/fig_5_2_all_active_temp_3d.png Graphic file (type bmp)
<assets/fig_5_2_all_active_temp_3d.png>
File: assets/fig_5_3_ac_only_temp_3d.png Graphic file (type bmp)
<assets/fig_5_3_ac_only_temp_3d.png>
File: assets/fig_5_4_light_only_illum_3d.png Graphic file (type bmp)
<assets/fig_5_4_light_only_illum_3d.png>
 [25] [26] [27] [28]
Underfull \hbox (badness 10000) in paragraph at lines 1280--1280
[]|\TU/TimesNewRoman(0)/m/n/10 window_
 []


Underfull \hbox (badness 10000) in paragraph at lines 1280--1280
\TU/TimesNewRoman(0)/m/n/10 summer_sunny_
 []


Underfull \hbox (badness 10000) in paragraph at lines 1282--1282
[]|\TU/TimesNewRoman(0)/m/n/10 window_winter_
 []


Underfull \hbox (badness 10000) in paragraph at lines 1284--1284
[]|\TU/TimesNewRoman(0)/m/n/10 window_spring_
 []

[29]
Underfull \hbox (badness 10000) in paragraph at lines 1307--1307
[]|\TU/TimesNewRoman(0)/m/n/10 0.0474 / 0.1765 /
 []


Underfull \hbox (badness 10000) in paragraph at lines 1307--1308
[]|\TU/TimesNewRoman(0)/m/n/10 0.0023 / 0.0041 /
 []


Underfull \hbox (badness 10000) in paragraph at lines 1309--1309
[]|\TU/TimesNewRoman(0)/m/n/10 0.0474 / 0.1765 /
 []


Underfull \hbox (badness 10000) in paragraph at lines 1309--1310
[]|\TU/TimesNewRoman(0)/m/n/10 0.0022 / 0.0045 /
 []


Underfull \hbox (badness 10000) in paragraph at lines 1311--1311
[]|\TU/TimesNewRoman(0)/m/n/10 leave-one-scenario-
 []


Underfull \hbox (badness 10000) in paragraph at lines 1311--1311
[]|\TU/TimesNewRoman(0)/m/n/10 0.0474 / 0.1765 /
 []


Underfull \hbox (badness 10000) in paragraph at lines 1311--1312
[]|\TU/TimesNewRoman(0)/m/n/10 0.0017 / 0.0055 /
 []

File: assets/field_mae_comparison.png Graphic file (type bmp)
<assets/field_mae_comparison.png>
[30]
Underfull \hbox (badness 1648) in paragraph at lines 1343--1343
[]|\TU/TimesNewRoman(0)/m/n/10 Corrected pillow
 []


Underfull \hbox (badness 4072) in paragraph at lines 1345--1345
[]|\TU/TimesNewRoman(0)/m/n/10 Corrected morn-
 []


Underfull \hbox (badness 10000) in paragraph at lines 1347--1347
[]|\TU/TimesNewRoman(0)/m/n/10 Corrected after-
 []

[31]
Underfull \hbox (badness 1484) in paragraph at lines 1374--1374
[]|\TU/TimesNewRoman(0)/m/n/10 penalty_before - measured_
 []


Underfull \hbox (badness 10000) in paragraph at lines 1411--1411
[]|\TU/TimesNewRoman(0)/m/n/10 normalize_public_
 []


Underfull \hbox (badness 10000) in paragraph at lines 1411--1411
\TU/TimesNewRoman(0)/m/n/10 benchmark_data.py \TU/SongtiTC(0)/m/n/10 將
 []


Underfull \hbox (badness 10000) in paragraph at lines 1411--1411
\TU/TimesNewRoman(0)/m/n/10 raw SML2010/ CU-BEMS
 []


Underfull \hbox (badness 10000) in paragraph at lines 1411--1411
\TU/SongtiTC(0)/m/n/10 轉 為 \TU/TimesNewRoman(0)/m/n/10 normalized public
 []


Underfull \hbox (badness 10000) in paragraph at lines 1413--1413
[]|\TU/TimesNewRoman(0)/m/n/10 run_public_dataset_
 []


Underfull \hbox (badness 10000) in paragraph at lines 1413--1413
\TU/TimesNewRoman(0)/m/n/10 benchmark.py \TU/SongtiTC(0)/m/n/10 在 相 同
 []


Underfull \hbox (badness 10000) in paragraph at lines 1413--1413
\TU/TimesNewRoman(0)/m/n/10 task\TU/SongtiTC(0)/m/n/10 、| \TU/TimesNewRoman(0)/
m/n/10 horizon\TU/SongtiTC(0)/m/n/10 、| \TU/TimesNewRoman(0)/m/n/10 target \TU/
SongtiTC(0)/m/n/10 上
 []


Underfull \hbox (badness 2134) in paragraph at lines 1413--1413
\TU/SongtiTC(0)/m/n/10 計 算 \TU/TimesNewRoman(0)/m/n/10 persistence \TU/SongtiTC
(0)/m/n/10 與 \TU/TimesNewRoman(0)/m/n/10 linear
 []


Underfull \hbox (badness 10000) in paragraph at lines 1415--1415
[]|\TU/TimesNewRoman(0)/m/n/10 run_public_dataset_model_
 []


Underfull \hbox (badness 10000) in paragraph at lines 1415--1415
\TU/TimesNewRoman(0)/m/n/10 comparison.py \TU/SongtiTC(0)/m/n/10 將 \TU/TimesNew
Roman(0)/m/n/10 Digi-
 []


Underfull \hbox (badness 10000) in paragraph at lines 1415--1415
\TU/TimesNewRoman(0)/m/n/10 talTwinModel + hybrid
 []


Underfull \hbox (badness 10000) in paragraph at lines 1417--1418
[]|\TU/SongtiTC(0)/m/n/10 輸 出 \TU/TimesNewRoman(0)/m/n/10 hybrid_digital_twin_
 []


Underfull \hbox (badness 10000) in paragraph at lines 1417--1418
\TU/TimesNewRoman(0)/m/n/10 readout\TU/SongtiTC(0)/m/n/10 ，|  與 \TU/TimesNewRom
an(0)/m/n/10 baseline \TU/SongtiTC(0)/m/n/10 逐
 []


Underfull \hbox (badness 5908) in paragraph at lines 1421--1422
[]|\TU/SongtiTC(0)/m/n/10 不 能 宣 稱 \TU/TimesNewRoman(0)/m/n/10 full 3D field
 []


Underfull \hbox (badness 10000) in paragraph at lines 1421--1422
\TU/TimesNewRoman(0)/m/n/10 MAE\TU/SongtiTC(0)/m/n/10 、| \TU/TimesNewRoman(0)/m
/n/10 8-corner calibration
 []

[32]
Underfull \hbox (badness 10000) in paragraph at lines 1439--1439
[]|\TU/TimesNewRoman(0)/m/n/10 dining_
 []


Underfull \hbox (badness 10000) in paragraph at lines 1441--1441
[]|\TU/TimesNewRoman(0)/m/n/10 dining_
 []


Underfull \hbox (badness 10000) in paragraph at lines 1443--1443
[]|\TU/TimesNewRoman(0)/m/n/10 dining_
 []


Underfull \hbox (badness 10000) in paragraph at lines 1445--1445
[]|\TU/TimesNewRoman(0)/m/n/10 dining_
 []


Underfull \hbox (badness 10000) in paragraph at lines 1447--1447
[]|\TU/TimesNewRoman(0)/m/n/10 dining_
 []


Underfull \hbox (badness 10000) in paragraph at lines 1449--1449
[]|\TU/TimesNewRoman(0)/m/n/10 dining_
 []


Underfull \hbox (badness 10000) in paragraph at lines 1451--1451
[]|\TU/TimesNewRoman(0)/m/n/10 dining_
 []


Underfull \hbox (badness 10000) in paragraph at lines 1453--1453
[]|\TU/TimesNewRoman(0)/m/n/10 dining_
 []


Underfull \hbox (badness 10000) in paragraph at lines 1455--1455
[]|\TU/TimesNewRoman(0)/m/n/10 dining_
 []


Underfull \hbox (badness 1173) in paragraph at lines 1457--1457
[]|\TU/TimesNewRoman(0)/m/n/10 S3 \TU/SongtiTC(0)/m/n/10 複 合 溫
 []


Underfull \hbox (badness 10000) in paragraph at lines 1457--1457
[]|\TU/TimesNewRoman(0)/m/n/10 dining_
 []


Underfull \hbox (badness 1173) in paragraph at lines 1459--1459
[]|\TU/TimesNewRoman(0)/m/n/10 S3 \TU/SongtiTC(0)/m/n/10 複 合 溫
 []


Underfull \hbox (badness 10000) in paragraph at lines 1459--1459
[]|\TU/TimesNewRoman(0)/m/n/10 dining_
 []


Underfull \hbox (badness 1173) in paragraph at lines 1461--1461
[]|\TU/TimesNewRoman(0)/m/n/10 S3 \TU/SongtiTC(0)/m/n/10 複 合 溫
 []


Underfull \hbox (badness 10000) in paragraph at lines 1461--1461
[]|\TU/TimesNewRoman(0)/m/n/10 dining_
 []


Underfull \hbox (badness 1173) in paragraph at lines 1463--1463
[]|\TU/TimesNewRoman(0)/m/n/10 S3 \TU/SongtiTC(0)/m/n/10 複 合 濕
 []


Underfull \hbox (badness 10000) in paragraph at lines 1463--1463
[]|\TU/TimesNewRoman(0)/m/n/10 dining_
 []


Underfull \hbox (badness 1173) in paragraph at lines 1465--1465
[]|\TU/TimesNewRoman(0)/m/n/10 S3 \TU/SongtiTC(0)/m/n/10 複 合 濕
 []


Underfull \hbox (badness 10000) in paragraph at lines 1465--1465
[]|\TU/TimesNewRoman(0)/m/n/10 dining_
 []


Underfull \hbox (badness 1173) in paragraph at lines 1467--1467
[]|\TU/TimesNewRoman(0)/m/n/10 S3 \TU/SongtiTC(0)/m/n/10 複 合 濕
 []


Underfull \hbox (badness 10000) in paragraph at lines 1467--1467
[]|\TU/TimesNewRoman(0)/m/n/10 dining_
 []


Underfull \hbox (badness 1173) in paragraph at lines 1469--1469
[]|\TU/TimesNewRoman(0)/m/n/10 S3 \TU/SongtiTC(0)/m/n/10 複 合 照
 []


Underfull \hbox (badness 10000) in paragraph at lines 1469--1469
[]|\TU/TimesNewRoman(0)/m/n/10 dining_
 []


Underfull \hbox (badness 1173) in paragraph at lines 1471--1471
[]|\TU/TimesNewRoman(0)/m/n/10 S3 \TU/SongtiTC(0)/m/n/10 複 合 照
 []


Underfull \hbox (badness 10000) in paragraph at lines 1471--1471
[]|\TU/TimesNewRoman(0)/m/n/10 dining_
 []


Underfull \hbox (badness 1173) in paragraph at lines 1473--1473
[]|\TU/TimesNewRoman(0)/m/n/10 S3 \TU/SongtiTC(0)/m/n/10 複 合 照
 []


Underfull \hbox (badness 10000) in paragraph at lines 1473--1473
[]|\TU/TimesNewRoman(0)/m/n/10 dining_
 []


Underfull \hbox (badness 1173) in paragraph at lines 1475--1475
[]|\TU/TimesNewRoman(0)/m/n/10 S3 \TU/SongtiTC(0)/m/n/10 複 合 溫
 []


Underfull \hbox (badness 10000) in paragraph at lines 1475--1475
[]|\TU/TimesNewRoman(0)/m/n/10 dining_
 []


Underfull \hbox (badness 1173) in paragraph at lines 1477--1477
[]|\TU/TimesNewRoman(0)/m/n/10 S3 \TU/SongtiTC(0)/m/n/10 複 合 溫
 []


Underfull \hbox (badness 10000) in paragraph at lines 1477--1477
[]|\TU/TimesNewRoman(0)/m/n/10 dining_
 []


Underfull \hbox (badness 1173) in paragraph at lines 1479--1479
[]|\TU/TimesNewRoman(0)/m/n/10 S3 \TU/SongtiTC(0)/m/n/10 複 合 溫
 []


Underfull \hbox (badness 10000) in paragraph at lines 1479--1479
[]|\TU/TimesNewRoman(0)/m/n/10 dining_
 []


Underfull \hbox (badness 1173) in paragraph at lines 1481--1481
[]|\TU/TimesNewRoman(0)/m/n/10 S3 \TU/SongtiTC(0)/m/n/10 複 合 濕
 []


Underfull \hbox (badness 10000) in paragraph at lines 1481--1481
[]|\TU/TimesNewRoman(0)/m/n/10 dining_
 []


Underfull \hbox (badness 1173) in paragraph at lines 1483--1483
[]|\TU/TimesNewRoman(0)/m/n/10 S3 \TU/SongtiTC(0)/m/n/10 複 合 濕
 []


Underfull \hbox (badness 10000) in paragraph at lines 1483--1483
[]|\TU/TimesNewRoman(0)/m/n/10 dining_
 []


Underfull \hbox (badness 1173) in paragraph at lines 1485--1485
[]|\TU/TimesNewRoman(0)/m/n/10 S3 \TU/SongtiTC(0)/m/n/10 複 合 濕
 []


Underfull \hbox (badness 10000) in paragraph at lines 1485--1485
[]|\TU/TimesNewRoman(0)/m/n/10 dining_
 []


Underfull \hbox (badness 1173) in paragraph at lines 1487--1487
[]|\TU/TimesNewRoman(0)/m/n/10 S3 \TU/SongtiTC(0)/m/n/10 複 合 照
 []


Underfull \hbox (badness 10000) in paragraph at lines 1487--1487
[]|\TU/TimesNewRoman(0)/m/n/10 dining_
 []


Underfull \hbox (badness 1173) in paragraph at lines 1489--1489
[]|\TU/TimesNewRoman(0)/m/n/10 S3 \TU/SongtiTC(0)/m/n/10 複 合 照
 []


Underfull \hbox (badness 10000) in paragraph at lines 1489--1489
[]|\TU/TimesNewRoman(0)/m/n/10 dining_
 []


Underfull \hbox (badness 1173) in paragraph at lines 1491--1491
[]|\TU/TimesNewRoman(0)/m/n/10 S3 \TU/SongtiTC(0)/m/n/10 複 合 照
 []


Underfull \hbox (badness 10000) in paragraph at lines 1491--1491
[]|\TU/TimesNewRoman(0)/m/n/10 dining_
 []

[33] [34] [35] [36]
File: assets/fig_5_6_all_active_temp_3d.png Graphic file (type bmp)
<assets/fig_5_6_all_active_temp_3d.png>
File: assets/fig_5_7_window_only_temp_3d.png Graphic file (type bmp)
<assets/fig_5_7_window_only_temp_3d.png>
File: assets/fig_5_8_light_only_illum_3d.png Graphic file (type bmp)
<assets/fig_5_8_light_only_illum_3d.png>
 [37] [38] [39] [40

] [41] [42] [43

] [44] [45]
Underfull \hbox (badness 6110) in paragraph at lines 1766--1766
[]|\TU/TimesNewRoman(0)/m/n/10 Hybrid Residual Correc-
 []


Underfull \hbox (badness 4543) in paragraph at lines 1770--1770
[]|\TU/TimesNewRoman(0)/m/n/10 One-Bounce Diffuse Re-
 []

[46

] [47] [48] (thesis_draft_zh.aux)
Package rerunfilecheck Info: File `thesis_draft_zh.out' has not changed.
(rerunfilecheck)             Checksum: 4CD90D8549DD13EC5DAFF3AFE86D5BBF;1982.
 )
Output written on thesis_draft_zh.xdv (59 pages, 817280 bytes).
